<?xml version="1.0" encoding="UTF-8"?>
<testsuite xmlns:xsi="http://www.w3.org/2001/XMLSchema-instance" xsi:noNamespaceSchemaLocation="https://maven.apache.org/surefire/maven-surefire-plugin/xsd/surefire-test-report-3.0.xsd" version="3.0" name="TestSuite" time="9.542" tests="2" errors="0" skipped="0" failures="0">
  <properties>
    <property name="java.specification.version" value="15"/>
    <property name="webdriver.chrome.driver" value="/Users/varsha/.cache/selenium/chromedriver/mac64/110.0.5481.77/chromedriver"/>
    <property name="sun.jnu.encoding" value="UTF-8"/>
    <property name="java.class.path" value="/Users/varsha/Downloads/Hello-World-JAVA-master/DemoSampleApp_selenium/target/test-classes:/Users/varsha/Downloads/Hello-World-JAVA-master/DemoSampleApp_selenium/target/classes:/Users/varsha/.m2/repository/org/seleniumhq/selenium/selenium-java/4.0.0-beta-3/selenium-java-4.0.0-beta-3.jar:/Users/varsha/.m2/repository/org/seleniumhq/selenium/selenium-api/4.0.0-beta-3/selenium-api-4.0.0-beta-3.jar:/Users/varsha/.m2/repository/org/seleniumhq/selenium/selenium-chrome-driver/4.0.0-beta-3/selenium-chrome-driver-4.0.0-beta-3.jar:/Users/varsha/.m2/repository/com/google/auto/service/auto-service-annotations/1.0-rc7/auto-service-annotations-1.0-rc7.jar:/Users/varsha/.m2/repository/com/google/auto/service/auto-service/1.0-rc7/auto-service-1.0-rc7.jar:/Users/varsha/.m2/repository/com/google/auto/auto-common/0.10/auto-common-0.10.jar:/Users/varsha/.m2/repository/com/google/guava/guava/30.1-jre/guava-30.1-jre.jar:/Users/varsha/.m2/repository/com/google/guava/failureaccess/1.0.1/failureaccess-1.0.1.jar:/Users/varsha/.m2/repository/com/google/guava/listenablefuture/9999.0-empty-to-avoid-conflict-with-guava/listenablefuture-9999.0-empty-to-avoid-conflict-with-guava.jar:/Users/varsha/.m2/repository/com/google/code/findbugs/jsr305/3.0.2/jsr305-3.0.2.jar:/Users/varsha/.m2/repository/org/checkerframework/checker-qual/3.5.0/checker-qual-3.5.0.jar:/Users/varsha/.m2/repository/com/google/errorprone/error_prone_annotations/2.3.4/error_prone_annotations-2.3.4.jar:/Users/varsha/.m2/repository/com/google/j2objc/j2objc-annotations/1.3/j2objc-annotations-1.3.jar:/Users/varsha/.m2/repository/org/seleniumhq/selenium/selenium-chromium-driver/4.0.0-beta-3/selenium-chromium-driver-4.0.0-beta-3.jar:/Users/varsha/.m2/repository/org/seleniumhq/selenium/selenium-devtools/4.0.0-beta-3/selenium-devtools-4.0.0-beta-3.jar:/Users/varsha/.m2/repository/org/seleniumhq/selenium/selenium-http/4.0.0-beta-3/selenium-http-4.0.0-beta-3.jar:/Users/varsha/.m2/repository/org/seleniumhq/selenium/selenium-json/4.0.0-beta-3/selenium-json-4.0.0-beta-3.jar:/Users/varsha/.m2/repository/org/seleniumhq/selenium/selenium-devtools-v85/4.0.0-beta-3/selenium-devtools-v85-4.0.0-beta-3.jar:/Users/varsha/.m2/repository/org/seleniumhq/selenium/selenium-devtools-v88/4.0.0-beta-3/selenium-devtools-v88-4.0.0-beta-3.jar:/Users/varsha/.m2/repository/org/seleniumhq/selenium/selenium-devtools-v89/4.0.0-beta-3/selenium-devtools-v89-4.0.0-beta-3.jar:/Users/varsha/.m2/repository/org/seleniumhq/selenium/selenium-devtools-v90/4.0.0-beta-3/selenium-devtools-v90-4.0.0-beta-3.jar:/Users/varsha/.m2/repository/org/seleniumhq/selenium/selenium-devtools-v91/4.0.0-beta-3/selenium-devtools-v91-4.0.0-beta-3.jar:/Users/varsha/.m2/repository/org/seleniumhq/selenium/selenium-edge-driver/4.0.0-beta-3/selenium-edge-driver-4.0.0-beta-3.jar:/Users/varsha/.m2/repository/org/seleniumhq/selenium/selenium-firefox-driver/4.0.0-beta-3/selenium-firefox-driver-4.0.0-beta-3.jar:/Users/varsha/.m2/repository/org/seleniumhq/selenium/selenium-firefox-xpi-driver/4.0.0-beta-3/selenium-firefox-xpi-driver-4.0.0-beta-3.jar:/Users/varsha/.m2/repository/org/seleniumhq/selenium/selenium-ie-driver/4.0.0-beta-3/selenium-ie-driver-4.0.0-beta-3.jar:/Users/varsha/.m2/repository/org/seleniumhq/selenium/selenium-opera-driver/4.0.0-beta-3/selenium-opera-driver-4.0.0-beta-3.jar:/Users/varsha/.m2/repository/org/seleniumhq/selenium/selenium-remote-driver/4.0.0-beta-3/selenium-remote-driver-4.0.0-beta-3.jar:/Users/varsha/.m2/repository/io/netty/netty-buffer/4.1.58.Final/netty-buffer-4.1.58.Final.jar:/Users/varsha/.m2/repository/io/netty/netty-codec-http/4.1.58.Final/netty-codec-http-4.1.58.Final.jar:/Users/varsha/.m2/repository/io/netty/netty-codec/4.1.58.Final/netty-codec-4.1.58.Final.jar:/Users/varsha/.m2/repository/io/netty/netty-handler/4.1.58.Final/netty-handler-4.1.58.Final.jar:/Users/varsha/.m2/repository/io/netty/netty-common/4.1.58.Final/netty-common-4.1.58.Final.jar:/Users/varsha/.m2/repository/io/netty/netty-transport-native-epoll/4.1.58.Final/netty-transport-native-epoll-4.1.58.Final.jar:/Users/varsha/.m2/repository/io/netty/netty-transport-native-kqueue/4.1.58.Final/netty-transport-native-kqueue-4.1.58.Final.jar:/Users/varsha/.m2/repository/io/netty/netty-transport-native-unix-common/4.1.58.Final/netty-transport-native-unix-common-4.1.58.Final.jar:/Users/varsha/.m2/repository/io/netty/netty-transport/4.1.58.Final/netty-transport-4.1.58.Final.jar:/Users/varsha/.m2/repository/io/netty/netty-resolver/4.1.58.Final/netty-resolver-4.1.58.Final.jar:/Users/varsha/.m2/repository/io/opentelemetry/opentelemetry-api/1.0.0/opentelemetry-api-1.0.0.jar:/Users/varsha/.m2/repository/io/opentelemetry/opentelemetry-context/1.0.0/opentelemetry-context-1.0.0.jar:/Users/varsha/.m2/repository/io/opentelemetry/opentelemetry-exporter-logging/1.0.0/opentelemetry-exporter-logging-1.0.0.jar:/Users/varsha/.m2/repository/io/opentelemetry/opentelemetry-sdk-metrics/1.0.0-alpha/opentelemetry-sdk-metrics-1.0.0-alpha.jar:/Users/varsha/.m2/repository/io/opentelemetry/opentelemetry-sdk-common/1.0.0/opentelemetry-sdk-common-1.0.0.jar:/Users/varsha/.m2/repository/io/opentelemetry/opentelemetry-sdk-extension-autoconfigure/1.0.0-alpha/opentelemetry-sdk-extension-autoconfigure-1.0.0-alpha.jar:/Users/varsha/.m2/repository/io/opentelemetry/opentelemetry-sdk-trace/1.0.0/opentelemetry-sdk-trace-1.0.0.jar:/Users/varsha/.m2/repository/io/opentelemetry/opentelemetry-api-metrics/1.0.0-alpha/opentelemetry-api-metrics-1.0.0-alpha.jar:/Users/varsha/.m2/repository/io/opentelemetry/opentelemetry-sdk/1.0.0/opentelemetry-sdk-1.0.0.jar:/Users/varsha/.m2/repository/io/opentelemetry/opentelemetry-semconv/1.0.0-alpha/opentelemetry-semconv-1.0.0-alpha.jar:/Users/varsha/.m2/repository/net/bytebuddy/byte-buddy/1.10.19/byte-buddy-1.10.19.jar:/Users/varsha/.m2/repository/org/apache/commons/commons-exec/1.3/commons-exec-1.3.jar:/Users/varsha/.m2/repository/org/asynchttpclient/async-http-client/2.12.2/async-http-client-2.12.2.jar:/Users/varsha/.m2/repository/org/asynchttpclient/async-http-client-netty-utils/2.12.2/async-http-client-netty-utils-2.12.2.jar:/Users/varsha/.m2/repository/io/netty/netty-codec-socks/4.1.53.Final/netty-codec-socks-4.1.53.Final.jar:/Users/varsha/.m2/repository/io/netty/netty-handler-proxy/4.1.53.Final/netty-handler-proxy-4.1.53.Final.jar:/Users/varsha/.m2/repository/io/netty/netty-transport-native-epoll/4.1.53.Final/netty-transport-native-epoll-4.1.53.Final-linux-x86_64.jar:/Users/varsha/.m2/repository/io/netty/netty-transport-native-kqueue/4.1.53.Final/netty-transport-native-kqueue-4.1.53.Final-osx-x86_64.jar:/Users/varsha/.m2/repository/com/typesafe/netty/netty-reactive-streams/2.0.4/netty-reactive-streams-2.0.4.jar:/Users/varsha/.m2/repository/com/sun/activation/jakarta.activation/1.2.2/jakarta.activation-1.2.2.jar:/Users/varsha/.m2/repository/org/seleniumhq/selenium/selenium-safari-driver/4.0.0-beta-3/selenium-safari-driver-4.0.0-beta-3.jar:/Users/varsha/.m2/repository/org/seleniumhq/selenium/selenium-support/4.0.0-beta-3/selenium-support-4.0.0-beta-3.jar:/Users/varsha/.m2/repository/io/github/bonigarcia/webdrivermanager/5.1.0/webdrivermanager-5.1.0.jar:/Users/varsha/.m2/repository/org/slf4j/slf4j-api/1.7.36/slf4j-api-1.7.36.jar:/Users/varsha/.m2/repository/com/google/code/gson/gson/2.9.0/gson-2.9.0.jar:/Users/varsha/.m2/repository/com/github/docker-java/docker-java/3.2.13/docker-java-3.2.13.jar:/Users/varsha/.m2/repository/com/github/docker-java/docker-java-core/3.2.13/docker-java-core-3.2.13.jar:/Users/varsha/.m2/repository/com/github/docker-java/docker-java-api/3.2.13/docker-java-api-3.2.13.jar:/Users/varsha/.m2/repository/com/fasterxml/jackson/core/jackson-annotations/2.10.3/jackson-annotations-2.10.3.jar:/Users/varsha/.m2/repository/commons-io/commons-io/2.6/commons-io-2.6.jar:/Users/varsha/.m2/repository/org/apache/commons/commons-compress/1.21/commons-compress-1.21.jar:/Users/varsha/.m2/repository/com/fasterxml/jackson/core/jackson-databind/2.10.3/jackson-databind-2.10.3.jar:/Users/varsha/.m2/repository/com/fasterxml/jackson/core/jackson-core/2.10.3/jackson-core-2.10.3.jar:/Users/varsha/.m2/repository/org/bouncycastle/bcpkix-jdk15on/1.64/bcpkix-jdk15on-1.64.jar:/Users/varsha/.m2/repository/org/bouncycastle/bcprov-jdk15on/1.64/bcprov-jdk15on-1.64.jar:/Users/varsha/.m2/repository/org/slf4j/jcl-over-slf4j/1.7.30/jcl-over-slf4j-1.7.30.jar:/Users/varsha/.m2/repository/com/github/docker-java/docker-java-transport-httpclient5/3.2.13/docker-java-transport-httpclient5-3.2.13.jar:/Users/varsha/.m2/repository/com/github/docker-java/docker-java-transport/3.2.13/docker-java-transport-3.2.13.jar:/Users/varsha/.m2/repository/org/apache/httpcomponents/client5/httpclient5/5.0.3/httpclient5-5.0.3.jar:/Users/varsha/.m2/repository/org/apache/httpcomponents/core5/httpcore5/5.0.2/httpcore5-5.0.2.jar:/Users/varsha/.m2/repository/commons-codec/commons-codec/1.13/commons-codec-1.13.jar:/Users/varsha/.m2/repository/net/java/dev/jna/jna/5.8.0/jna-5.8.0.jar:/Users/varsha/.m2/repository/org/brotli/dec/0.1.2/dec-0.1.2.jar:/Users/varsha/.m2/repository/org/apache/commons/commons-lang3/3.12.0/commons-lang3-3.12.0.jar:/Users/varsha/.m2/repository/org/testng/testng/7.3.0/testng-7.3.0.jar:/Users/varsha/.m2/repository/com/beust/jcommander/1.78/jcommander-1.78.jar:/Users/varsha/.m2/repository/org/apache/ant/ant/1.10.3/ant-1.10.3.jar:/Users/varsha/.m2/repository/org/apache/ant/ant-launcher/1.10.3/ant-launcher-1.10.3.jar:/Users/varsha/.m2/repository/junit/junit/4.12/junit-4.12.jar:/Users/varsha/.m2/repository/org/hamcrest/hamcrest-core/1.3/hamcrest-core-1.3.jar:/Users/varsha/.m2/repository/com/google/inject/guice/4.2.2/guice-4.2.2-no_aop.jar:/Users/varsha/.m2/repository/javax/inject/javax.inject/1/javax.inject-1.jar:/Users/varsha/.m2/repository/aopalliance/aopalliance/1.0/aopalliance-1.0.jar:/Users/varsha/.m2/repository/org/yaml/snakeyaml/1.21/snakeyaml-1.21.jar:/Users/varsha/.m2/repository/org/apache/maven/surefire/surefire-api/2.19.1/surefire-api-2.19.1.jar:/Users/varsha/.m2/repository/com/aventstack/extentreports/5.0.5/extentreports-5.0.5.jar:/Users/varsha/.m2/repository/io/reactivex/rxjava3/rxjava/3.0.4/rxjava-3.0.4.jar:/Users/varsha/.m2/repository/org/reactivestreams/reactive-streams/1.0.3/reactive-streams-1.0.3.jar:/Users/varsha/.m2/repository/org/freemarker/freemarker/2.3.30/freemarker-2.3.30.jar:/Users/varsha/.m2/repository/org/projectlombok/lombok/1.18.12/lombok-1.18.12.jar:"/>
    <property name="java.vm.vendor" value="Oracle Corporation"/>
    <property name="sun.arch.data.model" value="64"/>
    <property name="java.vendor.url" value="https://java.oracle.com/"/>
    <property name="user.timezone" value="Asia/Kolkata"/>
    <property name="os.name" value="Mac OS X"/>
    <property name="java.vm.specification.version" value="15"/>
    <property name="sun.java.launcher" value="SUN_STANDARD"/>
    <property name="user.country" value="IN"/>
    <property name="sun.boot.library.path" value="/Users/varsha/.p2/pool/plugins/org.eclipse.justj.openjdk.hotspot.jre.full.macosx.x86_64_15.0.2.v20210201-0955/jre/lib"/>
    <property name="sun.java.command" value="/Users/varsha/Downloads/Hello-World-JAVA-master/DemoSampleApp_selenium/target/surefire/surefirebooter12717645708007257555.jar /Users/varsha/Downloads/Hello-World-JAVA-master/DemoSampleApp_selenium/target/surefire 2023-03-02T12-48-51_643-jvmRun1 surefire13300295243370197639tmp surefire_010892900134473543470tmp"/>
    <property name="http.nonProxyHosts" value="local|*.local|169.254/16|*.169.254/16"/>
    <property name="jdk.debug" value="release"/>
    <property name="surefire.test.class.path" value="/Users/varsha/Downloads/Hello-World-JAVA-master/DemoSampleApp_selenium/target/test-classes:/Users/varsha/Downloads/Hello-World-JAVA-master/DemoSampleApp_selenium/target/classes:/Users/varsha/.m2/repository/org/seleniumhq/selenium/selenium-java/4.0.0-beta-3/selenium-java-4.0.0-beta-3.jar:/Users/varsha/.m2/repository/org/seleniumhq/selenium/selenium-api/4.0.0-beta-3/selenium-api-4.0.0-beta-3.jar:/Users/varsha/.m2/repository/org/seleniumhq/selenium/selenium-chrome-driver/4.0.0-beta-3/selenium-chrome-driver-4.0.0-beta-3.jar:/Users/varsha/.m2/repository/com/google/auto/service/auto-service-annotations/1.0-rc7/auto-service-annotations-1.0-rc7.jar:/Users/varsha/.m2/repository/com/google/auto/service/auto-service/1.0-rc7/auto-service-1.0-rc7.jar:/Users/varsha/.m2/repository/com/google/auto/auto-common/0.10/auto-common-0.10.jar:/Users/varsha/.m2/repository/com/google/guava/guava/30.1-jre/guava-30.1-jre.jar:/Users/varsha/.m2/repository/com/google/guava/failureaccess/1.0.1/failureaccess-1.0.1.jar:/Users/varsha/.m2/repository/com/google/guava/listenablefuture/9999.0-empty-to-avoid-conflict-with-guava/listenablefuture-9999.0-empty-to-avoid-conflict-with-guava.jar:/Users/varsha/.m2/repository/com/google/code/findbugs/jsr305/3.0.2/jsr305-3.0.2.jar:/Users/varsha/.m2/repository/org/checkerframework/checker-qual/3.5.0/checker-qual-3.5.0.jar:/Users/varsha/.m2/repository/com/google/errorprone/error_prone_annotations/2.3.4/error_prone_annotations-2.3.4.jar:/Users/varsha/.m2/repository/com/google/j2objc/j2objc-annotations/1.3/j2objc-annotations-1.3.jar:/Users/varsha/.m2/repository/org/seleniumhq/selenium/selenium-chromium-driver/4.0.0-beta-3/selenium-chromium-driver-4.0.0-beta-3.jar:/Users/varsha/.m2/repository/org/seleniumhq/selenium/selenium-devtools/4.0.0-beta-3/selenium-devtools-4.0.0-beta-3.jar:/Users/varsha/.m2/repository/org/seleniumhq/selenium/selenium-http/4.0.0-beta-3/selenium-http-4.0.0-beta-3.jar:/Users/varsha/.m2/repository/org/seleniumhq/selenium/selenium-json/4.0.0-beta-3/selenium-json-4.0.0-beta-3.jar:/Users/varsha/.m2/repository/org/seleniumhq/selenium/selenium-devtools-v85/4.0.0-beta-3/selenium-devtools-v85-4.0.0-beta-3.jar:/Users/varsha/.m2/repository/org/seleniumhq/selenium/selenium-devtools-v88/4.0.0-beta-3/selenium-devtools-v88-4.0.0-beta-3.jar:/Users/varsha/.m2/repository/org/seleniumhq/selenium/selenium-devtools-v89/4.0.0-beta-3/selenium-devtools-v89-4.0.0-beta-3.jar:/Users/varsha/.m2/repository/org/seleniumhq/selenium/selenium-devtools-v90/4.0.0-beta-3/selenium-devtools-v90-4.0.0-beta-3.jar:/Users/varsha/.m2/repository/org/seleniumhq/selenium/selenium-devtools-v91/4.0.0-beta-3/selenium-devtools-v91-4.0.0-beta-3.jar:/Users/varsha/.m2/repository/org/seleniumhq/selenium/selenium-edge-driver/4.0.0-beta-3/selenium-edge-driver-4.0.0-beta-3.jar:/Users/varsha/.m2/repository/org/seleniumhq/selenium/selenium-firefox-driver/4.0.0-beta-3/selenium-firefox-driver-4.0.0-beta-3.jar:/Users/varsha/.m2/repository/org/seleniumhq/selenium/selenium-firefox-xpi-driver/4.0.0-beta-3/selenium-firefox-xpi-driver-4.0.0-beta-3.jar:/Users/varsha/.m2/repository/org/seleniumhq/selenium/selenium-ie-driver/4.0.0-beta-3/selenium-ie-driver-4.0.0-beta-3.jar:/Users/varsha/.m2/repository/org/seleniumhq/selenium/selenium-opera-driver/4.0.0-beta-3/selenium-opera-driver-4.0.0-beta-3.jar:/Users/varsha/.m2/repository/org/seleniumhq/selenium/selenium-remote-driver/4.0.0-beta-3/selenium-remote-driver-4.0.0-beta-3.jar:/Users/varsha/.m2/repository/io/netty/netty-buffer/4.1.58.Final/netty-buffer-4.1.58.Final.jar:/Users/varsha/.m2/repository/io/netty/netty-codec-http/4.1.58.Final/netty-codec-http-4.1.58.Final.jar:/Users/varsha/.m2/repository/io/netty/netty-codec/4.1.58.Final/netty-codec-4.1.58.Final.jar:/Users/varsha/.m2/repository/io/netty/netty-handler/4.1.58.Final/netty-handler-4.1.58.Final.jar:/Users/varsha/.m2/repository/io/netty/netty-common/4.1.58.Final/netty-common-4.1.58.Final.jar:/Users/varsha/.m2/repository/io/netty/netty-transport-native-epoll/4.1.58.Final/netty-transport-native-epoll-4.1.58.Final.jar:/Users/varsha/.m2/repository/io/netty/netty-transport-native-kqueue/4.1.58.Final/netty-transport-native-kqueue-4.1.58.Final.jar:/Users/varsha/.m2/repository/io/netty/netty-transport-native-unix-common/4.1.58.Final/netty-transport-native-unix-common-4.1.58.Final.jar:/Users/varsha/.m2/repository/io/netty/netty-transport/4.1.58.Final/netty-transport-4.1.58.Final.jar:/Users/varsha/.m2/repository/io/netty/netty-resolver/4.1.58.Final/netty-resolver-4.1.58.Final.jar:/Users/varsha/.m2/repository/io/opentelemetry/opentelemetry-api/1.0.0/opentelemetry-api-1.0.0.jar:/Users/varsha/.m2/repository/io/opentelemetry/opentelemetry-context/1.0.0/opentelemetry-context-1.0.0.jar:/Users/varsha/.m2/repository/io/opentelemetry/opentelemetry-exporter-logging/1.0.0/opentelemetry-exporter-logging-1.0.0.jar:/Users/varsha/.m2/repository/io/opentelemetry/opentelemetry-sdk-metrics/1.0.0-alpha/opentelemetry-sdk-metrics-1.0.0-alpha.jar:/Users/varsha/.m2/repository/io/opentelemetry/opentelemetry-sdk-common/1.0.0/opentelemetry-sdk-common-1.0.0.jar:/Users/varsha/.m2/repository/io/opentelemetry/opentelemetry-sdk-extension-autoconfigure/1.0.0-alpha/opentelemetry-sdk-extension-autoconfigure-1.0.0-alpha.jar:/Users/varsha/.m2/repository/io/opentelemetry/opentelemetry-sdk-trace/1.0.0/opentelemetry-sdk-trace-1.0.0.jar:/Users/varsha/.m2/repository/io/opentelemetry/opentelemetry-api-metrics/1.0.0-alpha/opentelemetry-api-metrics-1.0.0-alpha.jar:/Users/varsha/.m2/repository/io/opentelemetry/opentelemetry-sdk/1.0.0/opentelemetry-sdk-1.0.0.jar:/Users/varsha/.m2/repository/io/opentelemetry/opentelemetry-semconv/1.0.0-alpha/opentelemetry-semconv-1.0.0-alpha.jar:/Users/varsha/.m2/repository/net/bytebuddy/byte-buddy/1.10.19/byte-buddy-1.10.19.jar:/Users/varsha/.m2/repository/org/apache/commons/commons-exec/1.3/commons-exec-1.3.jar:/Users/varsha/.m2/repository/org/asynchttpclient/async-http-client/2.12.2/async-http-client-2.12.2.jar:/Users/varsha/.m2/repository/org/asynchttpclient/async-http-client-netty-utils/2.12.2/async-http-client-netty-utils-2.12.2.jar:/Users/varsha/.m2/repository/io/netty/netty-codec-socks/4.1.53.Final/netty-codec-socks-4.1.53.Final.jar:/Users/varsha/.m2/repository/io/netty/netty-handler-proxy/4.1.53.Final/netty-handler-proxy-4.1.53.Final.jar:/Users/varsha/.m2/repository/io/netty/netty-transport-native-epoll/4.1.53.Final/netty-transport-native-epoll-4.1.53.Final-linux-x86_64.jar:/Users/varsha/.m2/repository/io/netty/netty-transport-native-kqueue/4.1.53.Final/netty-transport-native-kqueue-4.1.53.Final-osx-x86_64.jar:/Users/varsha/.m2/repository/com/typesafe/netty/netty-reactive-streams/2.0.4/netty-reactive-streams-2.0.4.jar:/Users/varsha/.m2/repository/com/sun/activation/jakarta.activation/1.2.2/jakarta.activation-1.2.2.jar:/Users/varsha/.m2/repository/org/seleniumhq/selenium/selenium-safari-driver/4.0.0-beta-3/selenium-safari-driver-4.0.0-beta-3.jar:/Users/varsha/.m2/repository/org/seleniumhq/selenium/selenium-support/4.0.0-beta-3/selenium-support-4.0.0-beta-3.jar:/Users/varsha/.m2/repository/io/github/bonigarcia/webdrivermanager/5.1.0/webdrivermanager-5.1.0.jar:/Users/varsha/.m2/repository/org/slf4j/slf4j-api/1.7.36/slf4j-api-1.7.36.jar:/Users/varsha/.m2/repository/com/google/code/gson/gson/2.9.0/gson-2.9.0.jar:/Users/varsha/.m2/repository/com/github/docker-java/docker-java/3.2.13/docker-java-3.2.13.jar:/Users/varsha/.m2/repository/com/github/docker-java/docker-java-core/3.2.13/docker-java-core-3.2.13.jar:/Users/varsha/.m2/repository/com/github/docker-java/docker-java-api/3.2.13/docker-java-api-3.2.13.jar:/Users/varsha/.m2/repository/com/fasterxml/jackson/core/jackson-annotations/2.10.3/jackson-annotations-2.10.3.jar:/Users/varsha/.m2/repository/commons-io/commons-io/2.6/commons-io-2.6.jar:/Users/varsha/.m2/repository/org/apache/commons/commons-compress/1.21/commons-compress-1.21.jar:/Users/varsha/.m2/repository/com/fasterxml/jackson/core/jackson-databind/2.10.3/jackson-databind-2.10.3.jar:/Users/varsha/.m2/repository/com/fasterxml/jackson/core/jackson-core/2.10.3/jackson-core-2.10.3.jar:/Users/varsha/.m2/repository/org/bouncycastle/bcpkix-jdk15on/1.64/bcpkix-jdk15on-1.64.jar:/Users/varsha/.m2/repository/org/bouncycastle/bcprov-jdk15on/1.64/bcprov-jdk15on-1.64.jar:/Users/varsha/.m2/repository/org/slf4j/jcl-over-slf4j/1.7.30/jcl-over-slf4j-1.7.30.jar:/Users/varsha/.m2/repository/com/github/docker-java/docker-java-transport-httpclient5/3.2.13/docker-java-transport-httpclient5-3.2.13.jar:/Users/varsha/.m2/repository/com/github/docker-java/docker-java-transport/3.2.13/docker-java-transport-3.2.13.jar:/Users/varsha/.m2/repository/org/apache/httpcomponents/client5/httpclient5/5.0.3/httpclient5-5.0.3.jar:/Users/varsha/.m2/repository/org/apache/httpcomponents/core5/httpcore5/5.0.2/httpcore5-5.0.2.jar:/Users/varsha/.m2/repository/commons-codec/commons-codec/1.13/commons-codec-1.13.jar:/Users/varsha/.m2/repository/net/java/dev/jna/jna/5.8.0/jna-5.8.0.jar:/Users/varsha/.m2/repository/org/brotli/dec/0.1.2/dec-0.1.2.jar:/Users/varsha/.m2/repository/org/apache/commons/commons-lang3/3.12.0/commons-lang3-3.12.0.jar:/Users/varsha/.m2/repository/org/testng/testng/7.3.0/testng-7.3.0.jar:/Users/varsha/.m2/repository/com/beust/jcommander/1.78/jcommander-1.78.jar:/Users/varsha/.m2/repository/org/apache/ant/ant/1.10.3/ant-1.10.3.jar:/Users/varsha/.m2/repository/org/apache/ant/ant-launcher/1.10.3/ant-launcher-1.10.3.jar:/Users/varsha/.m2/repository/junit/junit/4.12/junit-4.12.jar:/Users/varsha/.m2/repository/org/hamcrest/hamcrest-core/1.3/hamcrest-core-1.3.jar:/Users/varsha/.m2/repository/com/google/inject/guice/4.2.2/guice-4.2.2-no_aop.jar:/Users/varsha/.m2/repository/javax/inject/javax.inject/1/javax.inject-1.jar:/Users/varsha/.m2/repository/aopalliance/aopalliance/1.0/aopalliance-1.0.jar:/Users/varsha/.m2/repository/org/yaml/snakeyaml/1.21/snakeyaml-1.21.jar:/Users/varsha/.m2/repository/org/apache/maven/surefire/surefire-api/2.19.1/surefire-api-2.19.1.jar:/Users/varsha/.m2/repository/com/aventstack/extentreports/5.0.5/extentreports-5.0.5.jar:/Users/varsha/.m2/repository/io/reactivex/rxjava3/rxjava/3.0.4/rxjava-3.0.4.jar:/Users/varsha/.m2/repository/org/reactivestreams/reactive-streams/1.0.3/reactive-streams-1.0.3.jar:/Users/varsha/.m2/repository/org/freemarker/freemarker/2.3.30/freemarker-2.3.30.jar:/Users/varsha/.m2/repository/org/projectlombok/lombok/1.18.12/lombok-1.18.12.jar:"/>
    <property name="sun.cpu.endian" value="little"/>
    <property name="user.home" value="/Users/varsha"/>
    <property name="user.language" value="en"/>
    <property name="java.specification.vendor" value="Oracle Corporation"/>
    <property name="java.version.date" value="2021-01-19"/>
    <property name="java.home" value="/Users/varsha/.p2/pool/plugins/org.eclipse.justj.openjdk.hotspot.jre.full.macosx.x86_64_15.0.2.v20210201-0955/jre"/>
    <property name="file.separator" value="/"/>
    <property name="basedir" value="/Users/varsha/Downloads/Hello-World-JAVA-master/DemoSampleApp_selenium"/>
    <property name="java.vm.compressedOopsMode" value="Zero based"/>
    <property name="line.separator" value="&#10;"/>
    <property name="java.vm.specification.vendor" value="Oracle Corporation"/>
    <property name="java.specification.name" value="Java Platform API Specification"/>
    <property name="surefire.real.class.path" value="/Users/varsha/Downloads/Hello-World-JAVA-master/DemoSampleApp_selenium/target/surefire/surefirebooter12717645708007257555.jar"/>
    <property name="sun.management.compiler" value="HotSpot 64-Bit Tiered Compilers"/>
    <property name="ftp.nonProxyHosts" value="local|*.local|169.254/16|*.169.254/16"/>
    <property name="java.runtime.version" value="15.0.2+7-27"/>
    <property name="user.name" value="varsha"/>
    <property name="path.separator" value=":"/>
    <property name="os.version" value="10.16"/>
    <property name="java.runtime.name" value="OpenJDK Runtime Environment"/>
    <property name="file.encoding" value="UTF-8"/>
    <property name="sun.nio.ch.bugLevel" value=""/>
    <property name="java.vm.name" value="OpenJDK 64-Bit Server VM"/>
    <property name="localRepository" value="/Users/varsha/.m2/repository"/>
    <property name="java.vendor.url.bug" value="https://bugreport.java.com/bugreport/"/>
    <property name="java.io.tmpdir" value="/var/folders/3r/jjt7qbtj1dg_g0vs6c8jpn9c0000gq/T/"/>
    <property name="java.version" value="15.0.2"/>
    <property name="user.dir" value="/Users/varsha/Downloads/Hello-World-JAVA-master/DemoSampleApp_selenium"/>
    <property name="os.arch" value="x86_64"/>
    <property name="java.vm.specification.name" value="Java Virtual Machine Specification"/>
    <property name="java.library.path" value="/Users/varsha/Library/Java/Extensions:/Library/Java/Extensions:/Network/Library/Java/Extensions:/System/Library/Java/Extensions:/usr/lib/java:."/>
    <property name="java.vm.info" value="mixed mode"/>
    <property name="java.vendor" value="Oracle Corporation"/>
    <property name="java.vm.version" value="15.0.2+7-27"/>
    <property name="sun.io.unicode.encoding" value="UnicodeBig"/>
    <property name="socksNonProxyHosts" value="local|*.local|169.254/16|*.169.254/16"/>
    <property name="java.class.version" value="59.0"/>
  </properties>
  <testcase name="VerifyHomePage" classname="Demo.TestCases" time="4.033">
    <system-err><![CDATA[SLF4J: Failed to load class "org.slf4j.impl.StaticLoggerBinder".
SLF4J: Defaulting to no-operation (NOP) logger implementation
SLF4J: See http://www.slf4j.org/codes.html#StaticLoggerBinder for further details.
Starting ChromeDriver 110.0.5481.77 (65ed616c6e8ee3fe0ad64fe83796c020644d42af-refs/branch-heads/5481@{#839}) on port 48880
Only local connections are allowed.
Please see https://chromedriver.chromium.org/security-considerations for suggestions on keeping ChromeDriver safe.
ChromeDriver was started successfully.
[1677741535.957][WARNING]: virtual void DevToolsClientImpl::AddListener(DevToolsEventListener *) subscribing a listener to the already connected DevToolsClient. Connection notification will not arrive.
Mar 02, 2023 12:48:56 PM org.openqa.selenium.remote.ProtocolHandshake createSession
INFO: Detected dialect: W3C
Mar 02, 2023 12:48:56 PM org.openqa.selenium.devtools.CdpVersionFinder findNearestMatch
WARNING: Unable to find an exact match for CDP version 110, so returning the closest version found: a no-op implementation
Mar 02, 2023 12:48:56 PM org.openqa.selenium.devtools.CdpVersionFinder findNearestMatch
INFO: Unable to find CDP implementation matching 110.
Mar 02, 2023 12:48:56 PM org.openqa.selenium.chromium.ChromiumDriver lambda$new$2
WARNING: Unable to find version of CDP to use for . You may need to include a dependency on a specific version of the CDP using something similar to `org.seleniumhq.selenium:selenium-devtools-v86:4.0.0-beta-3` where the version ("v86") matches the version of the chromium-based browser you're using and the version number of the artifact is the same as Selenium's.
]]></system-err>
  </testcase>
  <testcase name="VerifyTitle" classname="Demo.TestCases" time="1.337"/>
</testsuite>