<?xml version="1.0" encoding="UTF-8"?>
<!-- Generated by org.testng.reporters.JUnitReportReporter -->
<testsuite hostname="IN-C02DQAHYP3XY.local" failures="0" tests="2" name="Demo.TestCases" time="7.419" errors="0" timestamp="2023-03-01T17:46:00 IST" skipped="0">
  <testcase classname="Demo.TestCases" name="VerifyTitle" time="1.384"/>
  <system-out/>
  <testcase classname="Demo.TestCases" name="VerifyHomePage" time="6.035"/>
  <system-out/>
</testsuite> <!-- Demo.TestCases -->
