<?xml version="1.0" encoding="UTF-8"?>
<!-- Generated by org.testng.reporters.JUnitReportReporter -->
<testsuite hostname="IN-C02DQAHYP3XY.local" failures="0" tests="2" name="Demo.TestCases" time="6.043" errors="0" timestamp="2023-03-02T13:11:15 IST" skipped="0">
  <testcase classname="Demo.TestCases" name="VerifyHomePage" time="4.437"/>
  <system-out>
Home Page is verified for this test  </system-out>
  <testcase classname="Demo.TestCases" name="VerifyTitle" time="1.606"/>
  <system-out>
URL is verified for this test  </system-out>
</testsuite> <!-- Demo.TestCases -->
